2025-10-16T12:20:06.970-03:00  INFO 13284 --- [porquinho] [restartedMain] b.c.fiap.porquinho.PorquinhoApplication  : Starting PorquinhoApplication using Java 17.0.14 with PID 13284 (C:\Users\valer\Desktop\Code\porquinho\target\classes started by valer in C:\Users\valer\Desktop\Code\porquinho)
2025-10-16T12:20:06.992-03:00  INFO 13284 --- [porquinho] [restartedMain] b.c.fiap.porquinho.PorquinhoApplication  : No active profile set, falling back to 1 default profile: "default"
2025-10-16T12:20:07.113-03:00  INFO 13284 --- [porquinho] [restartedMain] .e.DevToolsPropertyDefaultsPostProcessor : Devtools property defaults active! Set 'spring.devtools.add-properties' to 'false' to disable
2025-10-16T12:20:07.115-03:00  INFO 13284 --- [porquinho] [restartedMain] .e.DevToolsPropertyDefaultsPostProcessor : For additional web related logging consider setting the 'logging.level.web' property to 'DEBUG'
2025-10-16T12:20:09.789-03:00  INFO 13284 --- [porquinho] [restartedMain] .s.d.r.c.RepositoryConfigurationDelegate : Bootstrapping Spring Data JPA repositories in DEFAULT mode.
2025-10-16T12:20:10.240-03:00  INFO 13284 --- [porquinho] [restartedMain] .s.d.r.c.RepositoryConfigurationDelegate : Finished Spring Data repository scanning in 381 ms. Found 5 JPA repository interfaces.
2025-10-16T12:20:12.183-03:00  INFO 13284 --- [porquinho] [restartedMain] o.s.b.w.embedded.tomcat.TomcatWebServer  : Tomcat initialized with port 8080 (http)
2025-10-16T12:20:12.231-03:00  INFO 13284 --- [porquinho] [restartedMain] o.apache.catalina.core.StandardService   : Starting service [Tomcat]
2025-10-16T12:20:12.232-03:00  INFO 13284 --- [porquinho] [restartedMain] o.apache.catalina.core.StandardEngine    : Starting Servlet engine: [Apache Tomcat/10.1.46]
2025-10-16T12:20:12.359-03:00  INFO 13284 --- [porquinho] [restartedMain] o.a.c.c.C.[Tomcat].[localhost].[/]       : Initializing Spring embedded WebApplicationContext
2025-10-16T12:20:12.360-03:00  INFO 13284 --- [porquinho] [restartedMain] w.s.c.ServletWebServerApplicationContext : Root WebApplicationContext: initialization completed in 5240 ms
2025-10-16T12:20:12.719-03:00  INFO 13284 --- [porquinho] [restartedMain] o.hibernate.jpa.internal.util.LogHelper  : HHH000204: Processing PersistenceUnitInfo [name: default]
2025-10-16T12:20:12.891-03:00  INFO 13284 --- [porquinho] [restartedMain] org.hibernate.Version                    : HHH000412: Hibernate ORM core version 6.6.29.Final
2025-10-16T12:20:12.982-03:00  INFO 13284 --- [porquinho] [restartedMain] o.h.c.internal.RegionFactoryInitiator    : HHH000026: Second-level cache disabled
2025-10-16T12:20:13.755-03:00  INFO 13284 --- [porquinho] [restartedMain] o.s.o.j.p.SpringPersistenceUnitInfo      : No LoadTimeWeaver setup: ignoring JPA class transformer
2025-10-16T12:20:13.872-03:00  INFO 13284 --- [porquinho] [restartedMain] com.zaxxer.hikari.HikariDataSource       : HikariPool-1 - Starting...
2025-10-16T12:20:14.423-03:00  INFO 13284 --- [porquinho] [restartedMain] com.zaxxer.hikari.pool.HikariPool        : HikariPool-1 - Added connection conn0: url=jdbc:h2:file:./data/database user=SA
2025-10-16T12:20:14.427-03:00  INFO 13284 --- [porquinho] [restartedMain] com.zaxxer.hikari.HikariDataSource       : HikariPool-1 - Start completed.
2025-10-16T12:20:14.620-03:00  INFO 13284 --- [porquinho] [restartedMain] org.hibernate.orm.connections.pooling    : HHH10001005: Database info:
	Database JDBC URL [Connecting through datasource 'HikariDataSource (HikariPool-1)']
	Database driver: undefined/unknown
	Database version: 2.3.232
	Autocommit mode: undefined/unknown
	Isolation level: undefined/unknown
	Minimum pool size: undefined/unknown
	Maximum pool size: undefined/unknown
2025-10-16T12:20:17.572-03:00  INFO 13284 --- [porquinho] [restartedMain] o.h.e.t.j.p.i.JtaPlatformInitiator       : HHH000489: No JTA platform available (set 'hibernate.transaction.jta.platform' to enable JTA platform integration)
2025-10-16T12:20:17.686-03:00 DEBUG 13284 --- [porquinho] [restartedMain] org.hibernate.SQL                        : 
    create table p_account (
        category_id bigint generated by default as identity,
        created_at timestamp(6) not null,
        name varchar(50) not null,
        type varchar(10) not null,
        updated_at timestamp(6),
        account_id bigint generated by default as identity,
        balance numeric(14,2) not null,
        overdraft integer not null,
        user_id bigint not null,
        wallet_id bigint not null,
        primary key (account_id)
    )
2025-10-16T12:20:17.709-03:00 DEBUG 13284 --- [porquinho] [restartedMain] org.hibernate.SQL                        : 
    create table p_transaction (
        transaction_id bigint generated by default as identity,
        created_at timestamp(6) not null,
        date date not null,
        description varchar(50),
        has_occured integer not null,
        is_auto_confirmed integer not null,
        observation varchar(255),
        updated_at timestamp(6),
        value numeric(14,2) not null,
        primary key (transaction_id)
    )
2025-10-16T12:20:17.730-03:00  WARN 13284 --- [porquinho] [restartedMain] o.h.t.s.i.ExceptionHandlerLoggedImpl     : GenerationTarget encountered exception accepting command : Error executing DDL "
    create table p_transaction (
        transaction_id bigint generated by default as identity,
        created_at timestamp(6) not null,
        date date not null,
        description varchar(50),
        has_occured integer not null,
        is_auto_confirmed integer not null,
        observation varchar(255),
        updated_at timestamp(6),
        value numeric(14,2) not null,
        primary key (transaction_id)
    )" via JDBC [Syntax error in SQL statement "\000d\000a    create table p_transaction (\000d\000a        transaction_id bigint generated by default as identity,\000d\000a        created_at timestamp(6) not null,\000d\000a        date date not null,\000d\000a        description varchar(50),\000d\000a        has_occured integer not null,\000d\000a        is_auto_confirmed integer not null,\000d\000a        observation varchar(255),\000d\000a        updated_at timestamp(6),\000d\000a        [*]value numeric(14,2) not null,\000d\000a        primary key (transaction_id)\000d\000a    )"; expected "identifier";]

org.hibernate.tool.schema.spi.CommandAcceptanceException: Error executing DDL "
    create table p_transaction (
        transaction_id bigint generated by default as identity,
        created_at timestamp(6) not null,
        date date not null,
        description varchar(50),
        has_occured integer not null,
        is_auto_confirmed integer not null,
        observation varchar(255),
        updated_at timestamp(6),
        value numeric(14,2) not null,
        primary key (transaction_id)
    )" via JDBC [Syntax error in SQL statement "\000d\000a    create table p_transaction (\000d\000a        transaction_id bigint generated by default as identity,\000d\000a        created_at timestamp(6) not null,\000d\000a        date date not null,\000d\000a        description varchar(50),\000d\000a        has_occured integer not null,\000d\000a        is_auto_confirmed integer not null,\000d\000a        observation varchar(255),\000d\000a        updated_at timestamp(6),\000d\000a        [*]value numeric(14,2) not null,\000d\000a        primary key (transaction_id)\000d\000a    )"; expected "identifier";]
	at org.hibernate.tool.schema.internal.exec.GenerationTargetToDatabase.accept(GenerationTargetToDatabase.java:94) ~[hibernate-core-6.6.29.Final.jar:6.6.29.Final]
	at org.hibernate.tool.schema.internal.AbstractSchemaMigrator.applySqlString(AbstractSchemaMigrator.java:576) ~[hibernate-core-6.6.29.Final.jar:6.6.29.Final]
	at org.hibernate.tool.schema.internal.AbstractSchemaMigrator.applySqlStrings(AbstractSchemaMigrator.java:516) ~[hibernate-core-6.6.29.Final.jar:6.6.29.Final]
	at org.hibernate.tool.schema.internal.AbstractSchemaMigrator.createTable(AbstractSchemaMigrator.java:316) ~[hibernate-core-6.6.29.Final.jar:6.6.29.Final]
	at org.hibernate.tool.schema.internal.GroupedSchemaMigratorImpl.performTablesMigration(GroupedSchemaMigratorImpl.java:80) ~[hibernate-core-6.6.29.Final.jar:6.6.29.Final]
	at org.hibernate.tool.schema.internal.AbstractSchemaMigrator.performMigration(AbstractSchemaMigrator.java:233) ~[hibernate-core-6.6.29.Final.jar:6.6.29.Final]
	at org.hibernate.tool.schema.internal.AbstractSchemaMigrator.doMigration(AbstractSchemaMigrator.java:112) ~[hibernate-core-6.6.29.Final.jar:6.6.29.Final]
	at org.hibernate.tool.schema.spi.SchemaManagementToolCoordinator.performDatabaseAction(SchemaManagementToolCoordinator.java:280) ~[hibernate-core-6.6.29.Final.jar:6.6.29.Final]
	at org.hibernate.tool.schema.spi.SchemaManagementToolCoordinator.lambda$process$5(SchemaManagementToolCoordinator.java:144) ~[hibernate-core-6.6.29.Final.jar:6.6.29.Final]
	at java.base/java.util.HashMap.forEach(HashMap.java:1421) ~[na:na]
	at org.hibernate.tool.schema.spi.SchemaManagementToolCoordinator.process(SchemaManagementToolCoordinator.java:141) ~[hibernate-core-6.6.29.Final.jar:6.6.29.Final]
	at org.hibernate.boot.internal.SessionFactoryObserverForSchemaExport.sessionFactoryCreated(SessionFactoryObserverForSchemaExport.java:37) ~[hibernate-core-6.6.29.Final.jar:6.6.29.Final]
	at org.hibernate.internal.SessionFactoryObserverChain.sessionFactoryCreated(SessionFactoryObserverChain.java:35) ~[hibernate-core-6.6.29.Final.jar:6.6.29.Final]
	at org.hibernate.internal.SessionFactoryImpl.<init>(SessionFactoryImpl.java:324) ~[hibernate-core-6.6.29.Final.jar:6.6.29.Final]
	at org.hibernate.boot.internal.SessionFactoryBuilderImpl.build(SessionFactoryBuilderImpl.java:463) ~[hibernate-core-6.6.29.Final.jar:6.6.29.Final]
	at org.hibernate.jpa.boot.internal.EntityManagerFactoryBuilderImpl.build(EntityManagerFactoryBuilderImpl.java:1517) ~[hibernate-core-6.6.29.Final.jar:6.6.29.Final]
	at org.springframework.orm.jpa.vendor.SpringHibernateJpaPersistenceProvider.createContainerEntityManagerFactory(SpringHibernateJpaPersistenceProvider.java:66) ~[spring-orm-6.2.11.jar:6.2.11]
	at org.springframework.orm.jpa.LocalContainerEntityManagerFactoryBean.createNativeEntityManagerFactory(LocalContainerEntityManagerFactoryBean.java:390) ~[spring-orm-6.2.11.jar:6.2.11]
	at org.springframework.orm.jpa.AbstractEntityManagerFactoryBean.buildNativeEntityManagerFactory(AbstractEntityManagerFactoryBean.java:419) ~[spring-orm-6.2.11.jar:6.2.11]
	at org.springframework.orm.jpa.AbstractEntityManagerFactoryBean.afterPropertiesSet(AbstractEntityManagerFactoryBean.java:400) ~[spring-orm-6.2.11.jar:6.2.11]
	at org.springframework.orm.jpa.LocalContainerEntityManagerFactoryBean.afterPropertiesSet(LocalContainerEntityManagerFactoryBean.java:366) ~[spring-orm-6.2.11.jar:6.2.11]
	at org.springframework.beans.factory.support.AbstractAutowireCapableBeanFactory.invokeInitMethods(AbstractAutowireCapableBeanFactory.java:1873) ~[spring-beans-6.2.11.jar:6.2.11]
	at org.springframework.beans.factory.support.AbstractAutowireCapableBeanFactory.initializeBean(AbstractAutowireCapableBeanFactory.java:1822) ~[spring-beans-6.2.11.jar:6.2.11]
	at org.springframework.beans.factory.support.AbstractAutowireCapableBeanFactory.doCreateBean(AbstractAutowireCapableBeanFactory.java:607) ~[spring-beans-6.2.11.jar:6.2.11]
	at org.springframework.beans.factory.support.AbstractAutowireCapableBeanFactory.createBean(AbstractAutowireCapableBeanFactory.java:529) ~[spring-beans-6.2.11.jar:6.2.11]
	at org.springframework.beans.factory.support.AbstractBeanFactory.lambda$doGetBean$0(AbstractBeanFactory.java:339) ~[spring-beans-6.2.11.jar:6.2.11]
	at org.springframework.beans.factory.support.DefaultSingletonBeanRegistry.getSingleton(DefaultSingletonBeanRegistry.java:373) ~[spring-beans-6.2.11.jar:6.2.11]
	at org.springframework.beans.factory.support.AbstractBeanFactory.doGetBean(AbstractBeanFactory.java:337) ~[spring-beans-6.2.11.jar:6.2.11]
	at org.springframework.beans.factory.support.AbstractBeanFactory.getBean(AbstractBeanFactory.java:207) ~[spring-beans-6.2.11.jar:6.2.11]
	at org.springframework.context.support.AbstractApplicationContext.finishBeanFactoryInitialization(AbstractApplicationContext.java:970) ~[spring-context-6.2.11.jar:6.2.11]
	at org.springframework.context.support.AbstractApplicationContext.refresh(AbstractApplicationContext.java:627) ~[spring-context-6.2.11.jar:6.2.11]
	at org.springframework.boot.web.servlet.context.ServletWebServerApplicationContext.refresh(ServletWebServerApplicationContext.java:146) ~[spring-boot-3.5.6.jar:3.5.6]
	at org.springframework.boot.SpringApplication.refresh(SpringApplication.java:752) ~[spring-boot-3.5.6.jar:3.5.6]
	at org.springframework.boot.SpringApplication.refreshContext(SpringApplication.java:439) ~[spring-boot-3.5.6.jar:3.5.6]
	at org.springframework.boot.SpringApplication.run(SpringApplication.java:318) ~[spring-boot-3.5.6.jar:3.5.6]
	at org.springframework.boot.SpringApplication.run(SpringApplication.java:1361) ~[spring-boot-3.5.6.jar:3.5.6]
	at org.springframework.boot.SpringApplication.run(SpringApplication.java:1350) ~[spring-boot-3.5.6.jar:3.5.6]
	at br.com.fiap.porquinho.PorquinhoApplication.main(PorquinhoApplication.java:10) ~[classes/:na]
	at java.base/jdk.internal.reflect.NativeMethodAccessorImpl.invoke0(Native Method) ~[na:na]
	at java.base/jdk.internal.reflect.NativeMethodAccessorImpl.invoke(NativeMethodAccessorImpl.java:77) ~[na:na]
	at java.base/jdk.internal.reflect.DelegatingMethodAccessorImpl.invoke(DelegatingMethodAccessorImpl.java:43) ~[na:na]
	at java.base/java.lang.reflect.Method.invoke(Method.java:569) ~[na:na]
	at org.springframework.boot.devtools.restart.RestartLauncher.run(RestartLauncher.java:50) ~[spring-boot-devtools-3.5.6.jar:3.5.6]
Caused by: org.h2.jdbc.JdbcSQLSyntaxErrorException: Syntax error in SQL statement "\000d\000a    create table p_transaction (\000d\000a        transaction_id bigint generated by default as identity,\000d\000a        created_at timestamp(6) not null,\000d\000a        date date not null,\000d\000a        description varchar(50),\000d\000a        has_occured integer not null,\000d\000a        is_auto_confirmed integer not null,\000d\000a        observation varchar(255),\000d\000a        updated_at timestamp(6),\000d\000a        [*]value numeric(14,2) not null,\000d\000a        primary key (transaction_id)\000d\000a    )"; expected "identifier"; SQL statement:

    create table p_transaction (
        transaction_id bigint generated by default as identity,
        created_at timestamp(6) not null,
        date date not null,
        description varchar(50),
        has_occured integer not null,
        is_auto_confirmed integer not null,
        observation varchar(255),
        updated_at timestamp(6),
        value numeric(14,2) not null,
        primary key (transaction_id)
    ) [42001-232]
	at org.h2.message.DbException.getJdbcSQLException(DbException.java:514) ~[h2-2.3.232.jar:2.3.232]
	at org.h2.message.DbException.getJdbcSQLException(DbException.java:489) ~[h2-2.3.232.jar:2.3.232]
	at org.h2.message.DbException.getSyntaxError(DbException.java:261) ~[h2-2.3.232.jar:2.3.232]
	at org.h2.command.Parser.readIdentifier(Parser.java:5527) ~[h2-2.3.232.jar:2.3.232]
	at org.h2.command.Parser.parseTableColumnDefinition(Parser.java:8871) ~[h2-2.3.232.jar:2.3.232]
	at org.h2.command.Parser.parseCreateTable(Parser.java:8819) ~[h2-2.3.232.jar:2.3.232]
	at org.h2.command.Parser.parseCreate(Parser.java:6398) ~[h2-2.3.232.jar:2.3.232]
	at org.h2.command.Parser.parsePrepared(Parser.java:645) ~[h2-2.3.232.jar:2.3.232]
	at org.h2.command.Parser.parse(Parser.java:581) ~[h2-2.3.232.jar:2.3.232]
	at org.h2.command.Parser.parse(Parser.java:556) ~[h2-2.3.232.jar:2.3.232]
	at org.h2.command.Parser.prepareCommand(Parser.java:484) ~[h2-2.3.232.jar:2.3.232]
	at org.h2.engine.SessionLocal.prepareLocal(SessionLocal.java:645) ~[h2-2.3.232.jar:2.3.232]
	at org.h2.engine.SessionLocal.prepareCommand(SessionLocal.java:561) ~[h2-2.3.232.jar:2.3.232]
	at org.h2.jdbc.JdbcConnection.prepareCommand(JdbcConnection.java:1164) ~[h2-2.3.232.jar:2.3.232]
	at org.h2.jdbc.JdbcStatement.executeInternal(JdbcStatement.java:245) ~[h2-2.3.232.jar:2.3.232]
	at org.h2.jdbc.JdbcStatement.execute(JdbcStatement.java:231) ~[h2-2.3.232.jar:2.3.232]
	at com.zaxxer.hikari.pool.ProxyStatement.execute(ProxyStatement.java:95) ~[HikariCP-6.3.3.jar:na]
	at com.zaxxer.hikari.pool.HikariProxyStatement.execute(HikariProxyStatement.java) ~[HikariCP-6.3.3.jar:na]
	at org.hibernate.tool.schema.internal.exec.GenerationTargetToDatabase.accept(GenerationTargetToDatabase.java:80) ~[hibernate-core-6.6.29.Final.jar:6.6.29.Final]
	... 42 common frames omitted

2025-10-16T12:20:17.759-03:00 DEBUG 13284 --- [porquinho] [restartedMain] org.hibernate.SQL                        : 
    alter table if exists p_account 
       add constraint FKi4ebsmwtt2wenfiibtl2rcg69 
       foreign key (user_id) 
       references p_user
2025-10-16T12:20:17.779-03:00 DEBUG 13284 --- [porquinho] [restartedMain] org.hibernate.SQL                        : 
    alter table if exists p_account 
       add constraint FKdh6x37nnm7o77xquw4gwrxvy4 
       foreign key (wallet_id) 
       references p_wallet
2025-10-16T12:20:17.821-03:00  INFO 13284 --- [porquinho] [restartedMain] j.LocalContainerEntityManagerFactoryBean : Initialized JPA EntityManagerFactory for persistence unit 'default'
2025-10-16T12:20:18.842-03:00  WARN 13284 --- [porquinho] [restartedMain] JpaBaseConfiguration$JpaWebConfiguration : spring.jpa.open-in-view is enabled by default. Therefore, database queries may be performed during view rendering. Explicitly configure spring.jpa.open-in-view to disable this warning
2025-10-16T12:20:19.567-03:00  INFO 13284 --- [porquinho] [restartedMain] o.s.b.a.h2.H2ConsoleAutoConfiguration    : H2 console available at '/console'. Database available at 'jdbc:h2:file:./data/database'
2025-10-16T12:20:19.807-03:00  INFO 13284 --- [porquinho] [restartedMain] o.s.b.d.a.OptionalLiveReloadServer       : LiveReload server is running on port 35729
2025-10-16T12:20:19.958-03:00  INFO 13284 --- [porquinho] [restartedMain] o.s.b.w.embedded.tomcat.TomcatWebServer  : Tomcat started on port 8080 (http) with context path '/'
2025-10-16T12:20:20.146-03:00  INFO 13284 --- [porquinho] [restartedMain] b.c.fiap.porquinho.PorquinhoApplication  : Started PorquinhoApplication in 14.088 seconds (process running for 15.16)
2025-10-16T12:20:45.469-03:00  INFO 13284 --- [porquinho] [http-nio-8080-exec-3] o.a.c.c.C.[Tomcat].[localhost].[/]       : Initializing Spring DispatcherServlet 'dispatcherServlet'
2025-10-16T12:20:45.470-03:00  INFO 13284 --- [porquinho] [http-nio-8080-exec-3] o.s.web.servlet.DispatcherServlet        : Initializing Servlet 'dispatcherServlet'
2025-10-16T12:20:45.473-03:00  INFO 13284 --- [porquinho] [http-nio-8080-exec-3] o.s.web.servlet.DispatcherServlet        : Completed initialization in 2 ms
2025-10-16T12:20:45.777-03:00 TRACE 13284 --- [porquinho] [http-nio-8080-exec-3] o.s.t.i.TransactionInterceptor           : Getting transaction for [org.springframework.data.jpa.repository.support.SimpleJpaRepository.findById]
2025-10-16T12:20:45.830-03:00 DEBUG 13284 --- [porquinho] [http-nio-8080-exec-3] org.hibernate.SQL                        : 
    select
        w1_0.wallet_id,
        w1_0.created_at,
        w1_0.description,
        w1_0.name,
        w1_0.updated_at,
        w1_0.user_id,
        u1_0.user_id,
        u1_0.birthday,
        u1_0.created_at,
        u1_0.email,
        u1_0.full_name,
        u1_0.gender,
        u1_0.hashed_password,
        u1_0.income,
        u1_0.phone_number,
        u1_0.profile_picture_url,
        u1_0.updated_at 
    from
        p_wallet w1_0 
    join
        p_user u1_0 
            on u1_0.user_id=w1_0.user_id 
    where
        w1_0.wallet_id=?
2025-10-16T12:20:45.889-03:00 TRACE 13284 --- [porquinho] [http-nio-8080-exec-3] o.s.t.i.TransactionInterceptor           : Completing transaction for [org.springframework.data.jpa.repository.support.SimpleJpaRepository.findById]
2025-10-16T12:20:45.936-03:00  WARN 13284 --- [porquinho] [http-nio-8080-exec-3] .m.m.a.ExceptionHandlerExceptionResolver : Resolved [org.springframework.web.server.ResponseStatusException: 404 NOT_FOUND "Carteira não encontrado."]
2025-10-16T12:25:27.233-03:00 TRACE 13284 --- [porquinho] [http-nio-8080-exec-4] o.s.t.i.TransactionInterceptor           : Getting transaction for [org.springframework.data.jpa.repository.support.SimpleJpaRepository.findAll]
2025-10-16T12:25:27.428-03:00 DEBUG 13284 --- [porquinho] [http-nio-8080-exec-4] org.hibernate.SQL                        : 
    select
        w1_0.wallet_id,
        w1_0.created_at,
        w1_0.description,
        w1_0.name,
        w1_0.updated_at,
        w1_0.user_id 
    from
        p_wallet w1_0
2025-10-16T12:25:27.435-03:00 TRACE 13284 --- [porquinho] [http-nio-8080-exec-4] o.s.t.i.TransactionInterceptor           : Completing transaction for [org.springframework.data.jpa.repository.support.SimpleJpaRepository.findAll]
2025-10-16T12:26:08.587-03:00 TRACE 13284 --- [porquinho] [http-nio-8080-exec-7] o.s.t.i.TransactionInterceptor           : Getting transaction for [org.springframework.data.jpa.repository.support.SimpleJpaRepository.findById]
2025-10-16T12:26:08.588-03:00 DEBUG 13284 --- [porquinho] [http-nio-8080-exec-7] org.hibernate.SQL                        : 
    select
        u1_0.user_id,
        u1_0.birthday,
        u1_0.created_at,
        u1_0.email,
        u1_0.full_name,
        u1_0.gender,
        u1_0.hashed_password,
        u1_0.income,
        u1_0.phone_number,
        u1_0.profile_picture_url,
        u1_0.updated_at 
    from
        p_user u1_0 
    where
        u1_0.user_id=?
2025-10-16T12:26:08.624-03:00 TRACE 13284 --- [porquinho] [http-nio-8080-exec-7] o.s.t.i.TransactionInterceptor           : Completing transaction for [org.springframework.data.jpa.repository.support.SimpleJpaRepository.findById]
2025-10-16T12:26:08.628-03:00 TRACE 13284 --- [porquinho] [http-nio-8080-exec-7] o.s.t.i.TransactionInterceptor           : Getting transaction for [org.springframework.data.jpa.repository.support.SimpleJpaRepository.save]
2025-10-16T12:26:08.651-03:00 DEBUG 13284 --- [porquinho] [http-nio-8080-exec-7] org.hibernate.SQL                        : 
    insert 
    into
        p_wallet
        (created_at, description, name, updated_at, user_id, wallet_id) 
    values
        (?, ?, ?, ?, ?, default)
2025-10-16T12:26:08.671-03:00 TRACE 13284 --- [porquinho] [http-nio-8080-exec-7] o.s.t.i.TransactionInterceptor           : Completing transaction for [org.springframework.data.jpa.repository.support.SimpleJpaRepository.save]
2025-10-16T12:26:12.470-03:00 TRACE 13284 --- [porquinho] [http-nio-8080-exec-8] o.s.t.i.TransactionInterceptor           : Getting transaction for [org.springframework.data.jpa.repository.support.SimpleJpaRepository.findAll]
2025-10-16T12:26:12.473-03:00 DEBUG 13284 --- [porquinho] [http-nio-8080-exec-8] org.hibernate.SQL                        : 
    select
        w1_0.wallet_id,
        w1_0.created_at,
        w1_0.description,
        w1_0.name,
        w1_0.updated_at,
        w1_0.user_id 
    from
        p_wallet w1_0
2025-10-16T12:26:12.481-03:00 DEBUG 13284 --- [porquinho] [http-nio-8080-exec-8] org.hibernate.SQL                        : 
    select
        u1_0.user_id,
        u1_0.birthday,
        u1_0.created_at,
        u1_0.email,
        u1_0.full_name,
        u1_0.gender,
        u1_0.hashed_password,
        u1_0.income,
        u1_0.phone_number,
        u1_0.profile_picture_url,
        u1_0.updated_at 
    from
        p_user u1_0 
    where
        u1_0.user_id=?
2025-10-16T12:26:12.488-03:00 TRACE 13284 --- [porquinho] [http-nio-8080-exec-8] o.s.t.i.TransactionInterceptor           : Completing transaction for [org.springframework.data.jpa.repository.support.SimpleJpaRepository.findAll]
2025-10-16T12:26:33.682-03:00 TRACE 13284 --- [porquinho] [http-nio-8080-exec-1] o.s.t.i.TransactionInterceptor           : Getting transaction for [org.springframework.data.jpa.repository.support.SimpleJpaRepository.findById]
2025-10-16T12:26:33.683-03:00 DEBUG 13284 --- [porquinho] [http-nio-8080-exec-1] org.hibernate.SQL                        : 
    select
        w1_0.wallet_id,
        w1_0.created_at,
        w1_0.description,
        w1_0.name,
        w1_0.updated_at,
        w1_0.user_id,
        u1_0.user_id,
        u1_0.birthday,
        u1_0.created_at,
        u1_0.email,
        u1_0.full_name,
        u1_0.gender,
        u1_0.hashed_password,
        u1_0.income,
        u1_0.phone_number,
        u1_0.profile_picture_url,
        u1_0.updated_at 
    from
        p_wallet w1_0 
    join
        p_user u1_0 
            on u1_0.user_id=w1_0.user_id 
    where
        w1_0.wallet_id=?
2025-10-16T12:26:33.691-03:00 TRACE 13284 --- [porquinho] [http-nio-8080-exec-1] o.s.t.i.TransactionInterceptor           : Completing transaction for [org.springframework.data.jpa.repository.support.SimpleJpaRepository.findById]
2025-10-16T12:26:33.693-03:00 TRACE 13284 --- [porquinho] [http-nio-8080-exec-1] o.s.t.i.TransactionInterceptor           : Getting transaction for [org.springframework.data.jpa.repository.support.SimpleJpaRepository.save]
2025-10-16T12:26:33.695-03:00 DEBUG 13284 --- [porquinho] [http-nio-8080-exec-1] org.hibernate.SQL                        : 
    insert 
    into
        p_account
        (balance, created_at, name, overdraft, updated_at, wallet_id, account_id) 
    values
        (?, ?, ?, ?, ?, ?, default)
2025-10-16T12:26:33.700-03:00  WARN 13284 --- [porquinho] [http-nio-8080-exec-1] o.h.engine.jdbc.spi.SqlExceptionHelper   : SQL Error: 23502, SQLState: 23502
2025-10-16T12:26:33.700-03:00 ERROR 13284 --- [porquinho] [http-nio-8080-exec-1] o.h.engine.jdbc.spi.SqlExceptionHelper   : NULL not allowed for column "TYPE"; SQL statement:
insert into p_account (balance,created_at,name,overdraft,updated_at,wallet_id,account_id) values (?,?,?,?,?,?,default) [23502-232]
2025-10-16T12:26:33.709-03:00 TRACE 13284 --- [porquinho] [http-nio-8080-exec-1] o.s.t.i.TransactionInterceptor           : Completing transaction for [org.springframework.data.jpa.repository.support.SimpleJpaRepository.save] after exception: org.hibernate.exception.ConstraintViolationException: could not execute statement [NULL not allowed for column "TYPE"; SQL statement:
insert into p_account (balance,created_at,name,overdraft,updated_at,wallet_id,account_id) values (?,?,?,?,?,?,default) [23502-232]] [insert into p_account (balance,created_at,name,overdraft,updated_at,wallet_id,account_id) values (?,?,?,?,?,?,default)]
2025-10-16T12:26:33.716-03:00  WARN 13284 --- [porquinho] [http-nio-8080-exec-1] .m.m.a.ExceptionHandlerExceptionResolver : Resolved [org.springframework.dao.DataIntegrityViolationException: could not execute statement [NULL not allowed for column "TYPE"; SQL statement:<EOL>insert into p_account (balance,created_at,name,overdraft,updated_at,wallet_id,account_id) values (?,?,?,?,?,?,default) [23502-232]] [insert into p_account (balance,created_at,name,overdraft,updated_at,wallet_id,account_id) values (?,?,?,?,?,?,default)]; SQL [insert into p_account (balance,created_at,name,overdraft,updated_at,wallet_id,account_id) values (?,?,?,?,?,?,default)]; constraint [null]]
2025-10-16T12:40:50.603-03:00 TRACE 13284 --- [porquinho] [http-nio-8080-exec-2] o.s.t.i.TransactionInterceptor           : Getting transaction for [org.springframework.data.jpa.repository.support.SimpleJpaRepository.findAll]
2025-10-16T12:40:50.605-03:00 DEBUG 13284 --- [porquinho] [http-nio-8080-exec-2] org.hibernate.SQL                        : 
    select
        w1_0.wallet_id,
        w1_0.created_at,
        w1_0.description,
        w1_0.name,
        w1_0.updated_at,
        w1_0.user_id 
    from
        p_wallet w1_0
2025-10-16T12:40:50.608-03:00 DEBUG 13284 --- [porquinho] [http-nio-8080-exec-2] org.hibernate.SQL                        : 
    select
        u1_0.user_id,
        u1_0.birthday,
        u1_0.created_at,
        u1_0.email,
        u1_0.full_name,
        u1_0.gender,
        u1_0.hashed_password,
        u1_0.income,
        u1_0.phone_number,
        u1_0.profile_picture_url,
        u1_0.updated_at 
    from
        p_user u1_0 
    where
        u1_0.user_id=?
2025-10-16T12:40:50.614-03:00 TRACE 13284 --- [porquinho] [http-nio-8080-exec-2] o.s.t.i.TransactionInterceptor           : Completing transaction for [org.springframework.data.jpa.repository.support.SimpleJpaRepository.findAll]
